<?xml version="1.0" encoding="UTF-8"?>
<coverage generated="1603293971608" clover="3.2.0">
  <project timestamp="1603293971608" name="All files">
    <metrics statements="3" coveredstatements="3" conditionals="0" coveredconditionals="0" methods="3" coveredmethods="3" elements="6" coveredelements="6" complexity="0" loc="3" ncloc="3" packages="1" files="2" classes="2"/>
    <file name="arrays.js" path="C:\Users\Sebas\Desktop\SuperPagos\vue-covid\challenge-one\src\utils\arrays.js">
      <metrics statements="2" coveredstatements="2" conditionals="0" coveredconditionals="0" methods="2" coveredmethods="2"/>
      <line num="2" count="3" type="stmt"/>
      <line num="6" count="1" type="stmt"/>
    </file>
    <file name="sum.js" path="C:\Users\Sebas\Desktop\SuperPagos\vue-covid\challenge-one\src\utils\sum.js">
      <metrics statements="1" coveredstatements="1" conditionals="0" coveredconditionals="0" methods="1" coveredmethods="1"/>
      <line num="2" count="4" type="stmt"/>
    </file>
  </project>
</coverage>
