{"C:\\Users\\Sebas\\Desktop\\SuperPagos\\vue-covid\\challenge-one\\src\\utils\\arrays.js": {"path":"C:\\Users\\Sebas\\Desktop\\SuperPagos\\vue-covid\\challenge-one\\src\\utils\\arrays.js","statementMap":{"0":{"start":{"line":2,"column":2},"end":{"line":2,"column":65}},"1":{"start":{"line":6,"column":2},"end":{"line":6,"column":68}}},"fnMap":{"0":{"name":"carsList","decl":{"start":{"line":1,"column":16},"end":{"line":1,"column":24}},"loc":{"start":{"line":1,"column":27},"end":{"line":3,"column":1}},"line":1},"1":{"name":"brandTec","decl":{"start":{"line":5,"column":16},"end":{"line":5,"column":24}},"loc":{"start":{"line":5,"column":27},"end":{"line":7,"column":1}},"line":5}},"branchMap":{},"s":{"0":3,"1":1},"f":{"0":3,"1":1},"b":{},"_coverageSchema":"43e27e138ebf9cfc5966b082cf9a028302ed4184","hash":"04f0c1515e28bf31f432cea93c240cc1dd16f611"}
,"C:\\Users\\Sebas\\Desktop\\SuperPagos\\vue-covid\\challenge-one\\src\\utils\\sum.js": {"path":"C:\\Users\\Sebas\\Desktop\\SuperPagos\\vue-covid\\challenge-one\\src\\utils\\sum.js","statementMap":{"0":{"start":{"line":2,"column":2},"end":{"line":2,"column":14}}},"fnMap":{"0":{"name":"sum","decl":{"start":{"line":1,"column":24},"end":{"line":1,"column":27}},"loc":{"start":{"line":1,"column":34},"end":{"line":3,"column":1}},"line":1}},"branchMap":{},"s":{"0":4},"f":{"0":4},"b":{},"_coverageSchema":"43e27e138ebf9cfc5966b082cf9a028302ed4184","hash":"6a06edfdae288387e7098701386892779ccaefee"}
}
